<?xml version="1.0" encoding="UTF-8"?>
<testng-results ignored="0" total="4" passed="4" failed="0" skipped="0">
  <reporter-output>
  </reporter-output>
  <suite started-at="2019-08-20T13:35:56Z" name="Suite" finished-at="2019-08-20T13:35:56Z" duration-ms="104">
    <groups>
      <group name="increasing">
        <method signature="NewTest.add()[pri:1, instance:Test.Cal.Method.NewTest@2893de87]" name="add" class="Test.Cal.Method.NewTest"/>
        <method signature="NewTest.mul()[pri:1, instance:Test.Cal.Method.NewTest@2893de87]" name="mul" class="Test.Cal.Method.NewTest"/>
      </group> <!-- increasing -->
      <group name="decreasing">
        <method signature="NewTest.div()[pri:3, instance:Test.Cal.Method.NewTest@2893de87]" name="div" class="Test.Cal.Method.NewTest"/>
        <method signature="NewTest.sub()[pri:6, instance:Test.Cal.Method.NewTest@2893de87]" name="sub" class="Test.Cal.Method.NewTest"/>
      </group> <!-- decreasing -->
    </groups>
    <test started-at="2019-08-20T13:35:56Z" name="Test" finished-at="2019-08-20T13:35:56Z" duration-ms="104">
      <class name="Test.Cal.Method.NewTest">
        <test-method signature="add()[pri:1, instance:Test.Cal.Method.NewTest@2893de87]" started-at="2019-08-20T13:35:56Z" name="add" finished-at="2019-08-20T13:35:56Z" duration-ms="28" status="PASS">
          <reporter-output>
          </reporter-output>
        </test-method> <!-- add -->
        <test-method signature="mul()[pri:1, instance:Test.Cal.Method.NewTest@2893de87]" started-at="2019-08-20T13:35:56Z" name="mul" finished-at="2019-08-20T13:35:56Z" duration-ms="8" status="PASS">
          <reporter-output>
          </reporter-output>
        </test-method> <!-- mul -->
        <test-method signature="div()[pri:3, instance:Test.Cal.Method.NewTest@2893de87]" started-at="2019-08-20T13:35:56Z" name="div" finished-at="2019-08-20T13:35:56Z" duration-ms="4" status="PASS">
          <reporter-output>
          </reporter-output>
        </test-method> <!-- div -->
        <test-method signature="sub()[pri:6, instance:Test.Cal.Method.NewTest@2893de87]" started-at="2019-08-20T13:35:56Z" name="sub" finished-at="2019-08-20T13:35:56Z" duration-ms="4" status="PASS">
          <reporter-output>
          </reporter-output>
        </test-method> <!-- sub -->
      </class> <!-- Test.Cal.Method.NewTest -->
    </test> <!-- Test -->
  </suite> <!-- Suite -->
</testng-results>
