<?xml version="1.0" encoding="UTF-8"?>
<!-- Generated by org.testng.reporters.JUnitXMLReporter -->
<testsuite ignored="0" hostname="ATMECSINLT-087" failures="0" tests="4" name="Default test" time="0.124" errors="0" timestamp="20 Aug 2019 12:14:46 GMT">
  <testcase classname="Test.Cal.Method.NewTest" name="add" time="0.028"/>
  <testcase classname="Test.Cal.Method.NewTest" name="sub" time="0.0"/>
  <testcase classname="Test.Cal.Method.NewTest" name="mul" time="0.004"/>
  <testcase classname="Test.Cal.Method.NewTest" name="div" time="0.004"/>
</testsuite> <!-- Default test -->
