<?xml version="1.0" encoding="UTF-8"?>
<testng-results skipped="0" failed="0" ignored="0" total="4" passed="4">
  <reporter-output>
  </reporter-output>
  <suite name="Default suite" duration-ms="976" started-at="2019-08-22T09:22:39Z" finished-at="2019-08-22T09:22:40Z">
    <groups>
    </groups>
    <test name="Default test" duration-ms="976" started-at="2019-08-22T09:22:39Z" finished-at="2019-08-22T09:22:40Z">
      <class name="ATMECS.XLSX_Test.AppTest">
        <test-method status="PASS" signature="test1([Ljava.lang.Object;)[pri:0, instance:ATMECS.XLSX_Test.AppTest@2ef5e5e3]" name="test1" duration-ms="16" started-at="2019-08-22T09:22:40Z" data-provider="Dataprovider" finished-at="2019-08-22T09:22:40Z">
          <params>
            <param index="0">
              <value>
                <![CDATA[[Ljava.lang.Object;@128d2484]]>
              </value>
            </param>
          </params>
          <reporter-output>
          </reporter-output>
        </test-method> <!-- test1 -->
        <test-method status="PASS" signature="test1([Ljava.lang.Object;)[pri:0, instance:ATMECS.XLSX_Test.AppTest@2ef5e5e3]" name="test1" duration-ms="8" started-at="2019-08-22T09:22:40Z" data-provider="Dataprovider" finished-at="2019-08-22T09:22:40Z">
          <params>
            <param index="0">
              <value>
                <![CDATA[[Ljava.lang.Object;@7cc0cdad]]>
              </value>
            </param>
          </params>
          <reporter-output>
          </reporter-output>
        </test-method> <!-- test1 -->
        <test-method status="PASS" signature="test1([Ljava.lang.Object;)[pri:0, instance:ATMECS.XLSX_Test.AppTest@2ef5e5e3]" name="test1" duration-ms="4" started-at="2019-08-22T09:22:40Z" data-provider="Dataprovider" finished-at="2019-08-22T09:22:40Z">
          <params>
            <param index="0">
              <value>
                <![CDATA[[Ljava.lang.Object;@7c7b252e]]>
              </value>
            </param>
          </params>
          <reporter-output>
          </reporter-output>
        </test-method> <!-- test1 -->
        <test-method status="PASS" signature="test1([Ljava.lang.Object;)[pri:0, instance:ATMECS.XLSX_Test.AppTest@2ef5e5e3]" name="test1" duration-ms="4" started-at="2019-08-22T09:22:40Z" data-provider="Dataprovider" finished-at="2019-08-22T09:22:40Z">
          <params>
            <param index="0">
              <value>
                <![CDATA[[Ljava.lang.Object;@4d5d943d]]>
              </value>
            </param>
          </params>
          <reporter-output>
          </reporter-output>
        </test-method> <!-- test1 -->
      </class> <!-- ATMECS.XLSX_Test.AppTest -->
    </test> <!-- Default test -->
  </suite> <!-- Default suite -->
</testng-results>
