<?xml version="1.0" encoding="UTF-8"?>
<!-- Generated by org.testng.reporters.JUnitXMLReporter -->
<testsuite ignored="0" hostname="ATMECSINLT-087" failures="1" tests="1" name="Test" time="0.322" errors="0" timestamp="21 Aug 2019 13:26:11 GMT">
  <testcase classname="Test_Con.Testing" name="testFetch" time="0.285">
    <failure type="com.microsoft.sqlserver.jdbc.SQLServerException" message="The requested operation is not supported on forward only result sets.">
      <![CDATA[com.microsoft.sqlserver.jdbc.SQLServerException: The requested operation is not supported on forward only result sets.
at com.microsoft.sqlserver.jdbc.SQLServerException.makeFromDriverError(SQLServerException.java:234)
at com.microsoft.sqlserver.jdbc.SQLServerResultSet.throwNotScrollable(SQLServerResultSet.java:472)
at com.microsoft.sqlserver.jdbc.SQLServerResultSet.verifyResultSetIsScrollable(SQLServerResultSet.java:487)
at com.microsoft.sqlserver.jdbc.SQLServerResultSet.first(SQLServerResultSet.java:1386)
at com.Connection.FetchData.fetch(FetchData.java:26)
at Test_Con.Testing.testFetch(Testing.java:37)
... Removed 25 stack frames]]>
    </failure>
  </testcase> <!-- testFetch -->
</testsuite> <!-- Test -->
