<?xml version="1.0" encoding="UTF-8"?>
<!-- Generated by org.testng.reporters.JUnitXMLReporter -->
<testsuite hostname="ATMECSINLT-087" ignored="0" name="Default test" tests="4" failures="0" timestamp="22 Aug 2019 09:22:40 GMT" time="0.976" errors="0">
  <testcase name="test1" time="0.016" classname="ATMECS.XLSX_Test.AppTest"/>
  <testcase name="test1" time="0.008" classname="ATMECS.XLSX_Test.AppTest"/>
  <testcase name="test1" time="0.004" classname="ATMECS.XLSX_Test.AppTest"/>
  <testcase name="test1" time="0.004" classname="ATMECS.XLSX_Test.AppTest"/>
</testsuite> <!-- Default test -->
